Vivado Simulator 2016.4
Copyright 1986-1999, 2001-2016 Xilinx, Inc. All Rights Reserved.
Running: /opt/Xilinx/Vivado/2016.4/bin/unwrapped/lnx64.o/xelab -wto 4c14ac6607c541f79bcad01913f2fdd2 --debug typical --relax --mt 8 -d SIMULATION=1 -L xil_defaultlib -L blk_mem_gen_v8_3_5 -L lib_pkg_v1_0_2 -L lib_srl_fifo_v1_0_2 -L generic_baseblocks_v2_1_0 -L axi_infrastructure_v1_1_0 -L axi_register_slice_v2_1_11 -L fifo_generator_v13_1_3 -L axi_data_fifo_v2_1_10 -L axi_crossbar_v2_1_12 -L axi_clock_converter_v2_1_10 -L axi_protocol_converter_v2_1_11 -L axi_mmu_v2_1_9 -L unisims_ver -L unimacro_ver -L secureip -L xpm --snapshot top_tb_behav xil_defaultlib.top_tb xil_defaultlib.glbl -log elaborate.log 
Using 8 slave threads.
Starting static elaboration
WARNING: [VRFC 10-278] actual bit length 1 differs from formal bit length 8 for port pcie_7x_mgt_rxn [/root/NetFPGA-SUME-live/projects/MACsec/hw/hdl/top_tb.v:115]
WARNING: [VRFC 10-278] actual bit length 1 differs from formal bit length 8 for port pcie_7x_mgt_rxp [/root/NetFPGA-SUME-live/projects/MACsec/hw/hdl/top_tb.v:116]
WARNING: [VRFC 10-278] actual bit length 1 differs from formal bit length 8 for port pcie_7x_mgt_txn [/root/NetFPGA-SUME-live/projects/MACsec/hw/hdl/top_tb.v:117]
WARNING: [VRFC 10-278] actual bit length 1 differs from formal bit length 8 for port pcie_7x_mgt_txp [/root/NetFPGA-SUME-live/projects/MACsec/hw/hdl/top_tb.v:118]
WARNING: [VRFC 10-278] actual bit length 1 differs from formal bit length 2 for port i2c_reset [/root/NetFPGA-SUME-live/projects/MACsec/hw/hdl/top_tb.v:139]
WARNING: [VRFC 10-278] actual bit length 32 differs from formal bit length 12 for port S_AXI_AWADDR [/root/NetFPGA-SUME-live/projects/MACsec/hw/hdl/nf_datapath.v:278]
WARNING: [VRFC 10-278] actual bit length 32 differs from formal bit length 12 for port S_AXI_ARADDR [/root/NetFPGA-SUME-live/projects/MACsec/hw/hdl/nf_datapath.v:284]
WARNING: [VRFC 10-278] actual bit length 32 differs from formal bit length 12 for port S_AXI_AWADDR [/root/NetFPGA-SUME-live/projects/MACsec/hw/hdl/nf_datapath.v:320]
WARNING: [VRFC 10-278] actual bit length 32 differs from formal bit length 12 for port S_AXI_ARADDR [/root/NetFPGA-SUME-live/projects/MACsec/hw/hdl/nf_datapath.v:326]
WARNING: [VRFC 10-278] actual bit length 32 differs from formal bit length 12 for port S_AXI_AWADDR [/root/NetFPGA-SUME-live/projects/MACsec/hw/hdl/nf_datapath.v:362]
WARNING: [VRFC 10-278] actual bit length 32 differs from formal bit length 12 for port S_AXI_ARADDR [/root/NetFPGA-SUME-live/projects/MACsec/hw/hdl/nf_datapath.v:368]
WARNING: [VRFC 10-278] actual bit length 32 differs from formal bit length 12 for port S_AXI_AWADDR [/root/NetFPGA-SUME-live/projects/MACsec/hw/hdl/nf_datapath.v:440]
WARNING: [VRFC 10-278] actual bit length 32 differs from formal bit length 12 for port S_AXI_ARADDR [/root/NetFPGA-SUME-live/projects/MACsec/hw/hdl/nf_datapath.v:446]
WARNING: [VRFC 10-1783] select index 62 into current_contents is out of bounds [/wrk/2016.4/nightly/2016_12_14_1733598/packages/customer/vivado/data/ip/xilinx/blk_mem_gen_v8_3/simulation/blk_mem_gen_v8_3.v:2420]
WARNING: [VRFC 10-597] element index -1 into num_read_words_dc is out of bounds [/wrk/2016.4/nightly/2016_12_14_1733598/packages/customer/vivado/data/ip/xilinx/fifo_generator_v13_1/simulation/fifo_generator_vlog_beh.v:5490]
WARNING: [VRFC 10-597] element index -1 into num_write_words_dc is out of bounds [/wrk/2016.4/nightly/2016_12_14_1733598/packages/customer/vivado/data/ip/xilinx/fifo_generator_v13_1/simulation/fifo_generator_vlog_beh.v:5540]
Completed static elaboration
Starting simulation data flow analysis
WARNING: [XSIM 43-4099] "/root/NetFPGA-SUME-live/projects/MACsec/hw/project/MACsec.srcs/sources_1/ip/input_arbiter_ip/hdl/input_arbiter.v" Line 55. Module input_arbiter(C_BASEADDR=32'b01000100000000010000000000000000) doesn't have a timescale but at least one module in design has a timescale.
WARNING: [XSIM 43-4099] "/root/NetFPGA-SUME-live/projects/MACsec/hw/project/MACsec.srcs/sources_1/ip/input_arbiter_ip/hdl/input_arbiter_cpu_regs.v" Line 42. Module input_arbiter_cpu_regs(C_BASE_ADDRESS=32'b01000100000000010000000000000000,C_S_AXI_DATA_WIDTH=32,C_S_AXI_ADDR_WIDTH=12) doesn't have a timescale but at least one module in design has a timescale.
WARNING: [XSIM 43-4099] "/root/NetFPGA-SUME-live/projects/MACsec/hw/project/MACsec.srcs/sources_1/ip/output_port_lookup_ip/hdl/switch_lite_output_port_lookup.v" Line 54. Module switch_lite_output_port_lookup(C_ARD_NUM_CE_ARRAY=8'b01,C_BASEADDR=32'b01000100000000100000000000000000) doesn't have a timescale but at least one module in design has a timescale.
WARNING: [XSIM 43-4099] "/root/NetFPGA-SUME-live/projects/MACsec/hw/project/MACsec.srcs/sources_1/ip/output_port_lookup_ip/hdl/output_port_lookup_cpu_regs.v" Line 42. Module output_port_lookup_cpu_regs(C_BASE_ADDRESS=32'b01000100000000100000000000000000,C_S_AXI_DATA_WIDTH=32,C_S_AXI_ADDR_WIDTH=12) doesn't have a timescale but at least one module in design has a timescale.
WARNING: [XSIM 43-4099] "/root/NetFPGA-SUME-live/projects/MACsec/hw/project/MACsec.srcs/sources_1/ip/MACsec/hdl/crypto.v" Line 34. Module crypto(C_ARD_NUM_CE_ARRAY=8'b01) doesn't have a timescale but at least one module in design has a timescale.
WARNING: [XSIM 43-4099] "/root/NetFPGA-SUME-live/projects/MACsec/hw/project/MACsec.srcs/sources_1/ip/MACsec/hdl/crypto_cpu_regs.v" Line 41. Module crypto_cpu_regs(C_BASE_ADDRESS=32'b0,C_S_AXI_DATA_WIDTH=32,C_S_AXI_ADDR_WIDTH=12) doesn't have a timescale but at least one module in design has a timescale.
WARNING: [XSIM 43-4099] "/root/NetFPGA-SUME-live/projects/MACsec/hw/project/MACsec.srcs/sources_1/ip/output_queues_ip/hdl/output_queues.v" Line 56. Module output_queues(C_BASEADDR=32'b01000100000000110000000000000000) doesn't have a timescale but at least one module in design has a timescale.
WARNING: [XSIM 43-4099] "/root/NetFPGA-SUME-live/projects/MACsec/hw/project/MACsec.srcs/sources_1/ip/output_queues_ip/hdl/output_queues_cpu_regs.v" Line 42. Module output_queues_cpu_regs(C_BASE_ADDRESS=32'b01000100000000110000000000000000,C_S_AXI_DATA_WIDTH=32,C_S_AXI_ADDR_WIDTH=12) doesn't have a timescale but at least one module in design has a timescale.
WARNING: [XSIM 43-4099] "/root/NetFPGA-SUME-live/projects/MACsec/hw/project/MACsec.srcs/sources_1/ip/input_arbiter_ip/hdl/input_arbiter.v" Line 55. Module input_arbiter(C_BASEADDR=32'b01000100000000010000000000000000) doesn't have a timescale but at least one module in design has a timescale.
WARNING: [XSIM 43-4099] "/root/NetFPGA-SUME-live/projects/MACsec/hw/project/MACsec.srcs/sources_1/ip/input_arbiter_ip/hdl/input_arbiter_cpu_regs.v" Line 42. Module input_arbiter_cpu_regs(C_BASE_ADDRESS=32'b01000100000000010000000000000000,C_S_AXI_DATA_WIDTH=32,C_S_AXI_ADDR_WIDTH=12) doesn't have a timescale but at least one module in design has a timescale.
WARNING: [XSIM 43-4099] "/root/NetFPGA-SUME-live/projects/MACsec/hw/project/MACsec.srcs/sources_1/ip/output_port_lookup_ip/hdl/switch_lite_output_port_lookup.v" Line 54. Module switch_lite_output_port_lookup(C_ARD_NUM_CE_ARRAY=8'b01,C_BASEADDR=32'b01000100000000100000000000000000) doesn't have a timescale but at least one module in design has a timescale.
WARNING: [XSIM 43-4099] "/root/NetFPGA-SUME-live/projects/MACsec/hw/project/MACsec.srcs/sources_1/ip/output_port_lookup_ip/hdl/output_port_lookup_cpu_regs.v" Line 42. Module output_port_lookup_cpu_regs(C_BASE_ADDRESS=32'b01000100000000100000000000000000,C_S_AXI_DATA_WIDTH=32,C_S_AXI_ADDR_WIDTH=12) doesn't have a timescale but at least one module in design has a timescale.
WARNING: [XSIM 43-4099] "/root/NetFPGA-SUME-live/projects/MACsec/hw/project/MACsec.srcs/sources_1/ip/MACsec/hdl/crypto.v" Line 34. Module crypto(C_ARD_NUM_CE_ARRAY=8'b01) doesn't have a timescale but at least one module in design has a timescale.
WARNING: [XSIM 43-4099] "/root/NetFPGA-SUME-live/projects/MACsec/hw/project/MACsec.srcs/sources_1/ip/MACsec/hdl/crypto_cpu_regs.v" Line 41. Module crypto_cpu_regs(C_BASE_ADDRESS=32'b0,C_S_AXI_DATA_WIDTH=32,C_S_AXI_ADDR_WIDTH=12) doesn't have a timescale but at least one module in design has a timescale.
WARNING: [XSIM 43-4099] "/root/NetFPGA-SUME-live/projects/MACsec/hw/project/MACsec.srcs/sources_1/ip/output_queues_ip/hdl/output_queues.v" Line 56. Module output_queues(C_BASEADDR=32'b01000100000000110000000000000000) doesn't have a timescale but at least one module in design has a timescale.
WARNING: [XSIM 43-4099] "/root/NetFPGA-SUME-live/projects/MACsec/hw/project/MACsec.srcs/sources_1/ip/output_queues_ip/hdl/output_queues_cpu_regs.v" Line 42. Module output_queues_cpu_regs(C_BASE_ADDRESS=32'b01000100000000110000000000000000,C_S_AXI_DATA_WIDTH=32,C_S_AXI_ADDR_WIDTH=12) doesn't have a timescale but at least one module in design has a timescale.
Completed simulation data flow analysis
Time Resolution for simulation is 100fs
Compiling package std.standard
Compiling package std.textio
Compiling package ieee.std_logic_1164
Compiling package ieee.numeric_std
Compiling package ieee.std_logic_textio
Compiling package xil_defaultlib.axis_sim_pkg
Compiling package ieee.std_logic_arith
Compiling package ieee.std_logic_unsigned
Compiling package lib_pkg_v1_0_2.lib_pkg
Compiling module unisims_ver.IBUF
Compiling module unisims_ver.OBUF
Compiling module unisims_ver.IBUFDS_GTE2
Compiling module unisims_ver.IBUFDS
Compiling module unisims_ver.MMCME2_ADV(CLKIN1_PERIOD=5.0,CLK...
Compiling module unisims_ver.BUFG
Compiling module unisims_ver.BUFGCE_default
Compiling module unisims_ver.BUFH
Compiling module xil_defaultlib.clk_wiz_ip_clk_wiz
Compiling module xil_defaultlib.clk_wiz_ip
Compiling module xil_defaultlib.axi_clocking
Compiling module xil_defaultlib.small_fifo(WIDTH=417,MAX_DEPTH_B...
Compiling module xil_defaultlib.fallthrough_small_fifo(WIDTH=417...
Compiling module xil_defaultlib.input_arbiter_cpu_regs(C_BASE_AD...
Compiling module xil_defaultlib.input_arbiter(C_BASEADDR=32'b010...
Compiling module xil_defaultlib.input_arbiter_ip
Compiling module xil_defaultlib.small_fifo(WIDTH=417,MAX_DEPTH_B...
Compiling module xil_defaultlib.fallthrough_small_fifo(WIDTH=417...
Compiling module xil_defaultlib.eth_parser(C_S_AXIS_DATA_WIDTH=2...
Compiling module xil_defaultlib.mac_cam_lut(NUM_OUTPUT_QUEUES=8,...
Compiling module xil_defaultlib.small_fifo(WIDTH=8,MAX_DEPTH_BIT...
Compiling module xil_defaultlib.fallthrough_small_fifo(WIDTH=8,M...
Compiling module xil_defaultlib.output_port_lookup_cpu_regs(C_BA...
Compiling module xil_defaultlib.switch_lite_output_port_lookup(C...
Compiling module xil_defaultlib.output_port_lookup_ip
Compiling module xil_defaultlib.small_fifo(WIDTH=417,MAX_DEPTH_B...
Compiling module xil_defaultlib.fallthrough_small_fifo(WIDTH=417...
Compiling module xil_defaultlib.crypto_cpu_regs(C_BASE_ADDRESS=3...
Compiling module xil_defaultlib.crypto(C_ARD_NUM_CE_ARRAY=8'b01)
Compiling module xil_defaultlib.MACsec
Compiling module xil_defaultlib.small_fifo(WIDTH=289,MAX_DEPTH_B...
Compiling module xil_defaultlib.fallthrough_small_fifo(WIDTH=289...
Compiling module xil_defaultlib.small_fifo(WIDTH=128,MAX_DEPTH_B...
Compiling module xil_defaultlib.fallthrough_small_fifo(WIDTH=128...
Compiling module xil_defaultlib.output_queues_cpu_regs(C_BASE_AD...
Compiling module xil_defaultlib.output_queues(C_BASEADDR=32'b010...
Compiling module xil_defaultlib.output_queues_ip
Compiling module xil_defaultlib.nf_datapath(C_M_AXIS_DATA_WIDTH=...
Compiling module blk_mem_gen_v8_3_5.beh_vlog_ff_clr_v8_3(INIT=1'b0)
Compiling module blk_mem_gen_v8_3_5.beh_vlog_ff_pre_v8_3(INIT=1'b1)
Compiling module blk_mem_gen_v8_3_5.STATE_LOGIC_v8_3(INIT=64'b010101...
Compiling module blk_mem_gen_v8_3_5.STATE_LOGIC_v8_3(INIT=64'b010001...
Compiling module blk_mem_gen_v8_3_5.STATE_LOGIC_v8_3(INIT=64'b010101...
Compiling module blk_mem_gen_v8_3_5.STATE_LOGIC_v8_3(INIT=64'b111101...
Compiling module blk_mem_gen_v8_3_5.STATE_LOGIC_v8_3(INIT=64'b100010...
Compiling module blk_mem_gen_v8_3_5.STATE_LOGIC_v8_3(INIT=64'b010101...
Compiling module blk_mem_gen_v8_3_5.STATE_LOGIC_v8_3(INIT=64'b010111...
Compiling module blk_mem_gen_v8_3_5.STATE_LOGIC_v8_3(INIT=64'b011111...
Compiling module blk_mem_gen_v8_3_5.STATE_LOGIC_v8_3(INIT=64'b011101...
Compiling module blk_mem_gen_v8_3_5.write_netlist_v8_3(C_AXI_TYPE=0)
Compiling module blk_mem_gen_v8_3_5.blk_mem_axi_write_wrapper_beh_v8...
Compiling module blk_mem_gen_v8_3_5.beh_vlog_ff_ce_clr_v8_3(INIT=1'b...
Compiling module blk_mem_gen_v8_3_5.STATE_LOGIC_v8_3(INIT=64'b01011)
Compiling module blk_mem_gen_v8_3_5.STATE_LOGIC_v8_3(INIT=64'b01000)
Compiling module blk_mem_gen_v8_3_5.STATE_LOGIC_v8_3(INIT=64'b0100)
Compiling module blk_mem_gen_v8_3_5.STATE_LOGIC_v8_3(INIT=64'b111011...
Compiling module blk_mem_gen_v8_3_5.STATE_LOGIC_v8_3(INIT=64'b010001...
Compiling module blk_mem_gen_v8_3_5.STATE_LOGIC_v8_3(INIT=64'b010000...
Compiling module blk_mem_gen_v8_3_5.STATE_LOGIC_v8_3(INIT=64'b011111...
Compiling module blk_mem_gen_v8_3_5.STATE_LOGIC_v8_3(INIT=64'b01)
Compiling module blk_mem_gen_v8_3_5.STATE_LOGIC_v8_3(INIT=64'b0111)
Compiling module blk_mem_gen_v8_3_5.STATE_LOGIC_v8_3(INIT=64'b010000...
Compiling module blk_mem_gen_v8_3_5.STATE_LOGIC_v8_3(INIT=64'b010001...
Compiling module blk_mem_gen_v8_3_5.STATE_LOGIC_v8_3(INIT=64'b011101...
Compiling module blk_mem_gen_v8_3_5.STATE_LOGIC_v8_3(INIT=64'b111111...
Compiling module blk_mem_gen_v8_3_5.STATE_LOGIC_v8_3(INIT=64'b010101...
Compiling module blk_mem_gen_v8_3_5.STATE_LOGIC_v8_3(INIT=64'b111100...
Compiling module blk_mem_gen_v8_3_5.beh_vlog_muxf7_v8_3
Compiling module blk_mem_gen_v8_3_5.STATE_LOGIC_v8_3(INIT=64'b010101...
Compiling module blk_mem_gen_v8_3_5.STATE_LOGIC_v8_3(INIT=64'b011100...
Compiling module blk_mem_gen_v8_3_5.STATE_LOGIC_v8_3(INIT=64'b011111...
Compiling module blk_mem_gen_v8_3_5.STATE_LOGIC_v8_3(INIT=64'b010001...
Compiling module blk_mem_gen_v8_3_5.STATE_LOGIC_v8_3(INIT=64'b010001...
Compiling module blk_mem_gen_v8_3_5.STATE_LOGIC_v8_3(INIT=64'b011100...
Compiling module blk_mem_gen_v8_3_5.read_netlist_v8_3(C_ADDRB_WIDTH=...
Compiling module blk_mem_gen_v8_3_5.blk_mem_axi_read_wrapper_beh_v8_...
Compiling module blk_mem_gen_v8_3_5.blk_mem_gen_v8_3_5_output_stage(...
Compiling module blk_mem_gen_v8_3_5.blk_mem_gen_v8_3_5_output_stage(...
Compiling module blk_mem_gen_v8_3_5.blk_mem_gen_v8_3_5_softecc_outpu...
Compiling module blk_mem_gen_v8_3_5.blk_mem_gen_v8_3_5_mem_module(C_...
Compiling module blk_mem_gen_v8_3_5.blk_mem_gen_v8_3_5(C_ELABORATION...
Compiling module xil_defaultlib.identifier_ip
Compiling architecture rtl of entity xil_defaultlib.axis_sim_stim [\axis_sim_stim(input_file="/root...]
Compiling architecture axis_sim_stim_ip0_arch of entity xil_defaultlib.axis_sim_stim_ip0 [axis_sim_stim_ip0_default]
Compiling architecture rtl of entity xil_defaultlib.axis_sim_stim [\axis_sim_stim(input_file="/root...]
Compiling architecture axis_sim_stim_ip1_arch of entity xil_defaultlib.axis_sim_stim_ip1 [axis_sim_stim_ip1_default]
Compiling architecture rtl of entity xil_defaultlib.axis_sim_stim [\axis_sim_stim(input_file="/root...]
Compiling architecture axis_sim_stim_ip2_arch of entity xil_defaultlib.axis_sim_stim_ip2 [axis_sim_stim_ip2_default]
Compiling architecture rtl of entity xil_defaultlib.axis_sim_stim [\axis_sim_stim(input_file="/root...]
Compiling architecture axis_sim_stim_ip3_arch of entity xil_defaultlib.axis_sim_stim_ip3 [axis_sim_stim_ip3_default]
Compiling architecture rtl of entity xil_defaultlib.axis_sim_stim [\axis_sim_stim(input_file="/root...]
Compiling architecture axis_sim_stim_ip4_arch of entity xil_defaultlib.axis_sim_stim_ip4 [axis_sim_stim_ip4_default]
Compiling module xil_defaultlib.axis_sim_record(OUTPUT_FILE="/ro...
Compiling module xil_defaultlib.axis_sim_record_ip0
Compiling module xil_defaultlib.axis_sim_record(OUTPUT_FILE="/ro...
Compiling module xil_defaultlib.axis_sim_record_ip1
Compiling module xil_defaultlib.axis_sim_record(OUTPUT_FILE="/ro...
Compiling module xil_defaultlib.axis_sim_record_ip2
Compiling module xil_defaultlib.axis_sim_record(OUTPUT_FILE="/ro...
Compiling module xil_defaultlib.axis_sim_record_ip3
Compiling module xil_defaultlib.axis_sim_record(OUTPUT_FILE="/ro...
Compiling module xil_defaultlib.axis_sim_record_ip4
Compiling module fifo_generator_v13_1_3.fifo_generator_v13_1_3_sync_stag...
Compiling module fifo_generator_v13_1_3.fifo_generator_v13_1_3_bhv_ver_a...
Compiling module fifo_generator_v13_1_3.fifo_generator_v13_1_3_bhv_ver_p...
Compiling module fifo_generator_v13_1_3.fifo_generator_v13_1_3_CONV_VER(...
Compiling module fifo_generator_v13_1_3.fifo_generator_vlog_beh(C_COMMON...
Compiling module fifo_generator_v13_1_3.fifo_generator_v13_1_3_bhv_ver_a...
Compiling module fifo_generator_v13_1_3.fifo_generator_v13_1_3_bhv_ver_p...
Compiling module fifo_generator_v13_1_3.fifo_generator_v13_1_3_CONV_VER(...
Compiling module fifo_generator_v13_1_3.fifo_generator_vlog_beh(C_COMMON...
Compiling module fifo_generator_v13_1_3.fifo_generator_v13_1_3_bhv_ver_a...
Compiling module fifo_generator_v13_1_3.fifo_generator_v13_1_3_bhv_ver_p...
Compiling module fifo_generator_v13_1_3.fifo_generator_v13_1_3_CONV_VER(...
Compiling module fifo_generator_v13_1_3.fifo_generator_vlog_beh(C_COMMON...
Compiling module fifo_generator_v13_1_3.fifo_generator_vlog_beh(C_COMMON...
Compiling module fifo_generator_v13_1_3.fifo_generator_v13_1_3_bhv_ver_a...
Compiling module fifo_generator_v13_1_3.fifo_generator_v13_1_3_bhv_ver_p...
Compiling module fifo_generator_v13_1_3.fifo_generator_v13_1_3_CONV_VER(...
Compiling module fifo_generator_v13_1_3.fifo_generator_vlog_beh(C_COMMON...
Compiling module fifo_generator_v13_1_3.fifo_generator_v13_1_3(C_DATA_CO...
Compiling module axi_clock_converter_v2_1_10.axi_clock_converter_v2_1_10_axi_...
Compiling module xil_defaultlib.control_sub_axi_clock_converter_...
Compiling module axi_data_fifo_v2_1_10.axi_data_fifo_v2_1_10_axi_data_f...
Compiling module xil_defaultlib.control_sub_m00_data_fifo_0
Compiling module xil_defaultlib.m00_couplers_imp_35MSE9
Compiling module xil_defaultlib.control_sub_m01_data_fifo_0
Compiling module xil_defaultlib.m01_couplers_imp_159MA5B
Compiling module xil_defaultlib.control_sub_m02_data_fifo_0
Compiling module xil_defaultlib.m02_couplers_imp_1UHPQGS
Compiling module xil_defaultlib.control_sub_m03_data_fifo_0
Compiling module xil_defaultlib.m03_couplers_imp_V7OM1U
Compiling module xil_defaultlib.control_sub_m04_data_fifo_0
Compiling module xil_defaultlib.m04_couplers_imp_73P722
Compiling module xil_defaultlib.control_sub_m05_data_fifo_0
Compiling module xil_defaultlib.m05_couplers_imp_1194TWK
Compiling module xil_defaultlib.control_sub_m06_data_fifo_0
Compiling module xil_defaultlib.m06_couplers_imp_1YASCCN
Compiling module xil_defaultlib.control_sub_m07_data_fifo_0
Compiling module xil_defaultlib.m07_couplers_imp_RC6YHL
Compiling module axi_infrastructure_v1_1_0.axi_infrastructure_v1_1_0_axi2ve...
Compiling module axi_register_slice_v2_1_11.axi_register_slice_v2_1_11_axic_...
Compiling module axi_register_slice_v2_1_11.axi_register_slice_v2_1_11_axic_...
Compiling module axi_register_slice_v2_1_11.axi_register_slice_v2_1_11_axic_...
Compiling module axi_register_slice_v2_1_11.axi_register_slice_v2_1_11_axic_...
Compiling module axi_infrastructure_v1_1_0.axi_infrastructure_v1_1_0_vector...
Compiling module axi_register_slice_v2_1_11.axi_register_slice_v2_1_11_axi_r...
Compiling module axi_protocol_converter_v2_1_11.axi_protocol_converter_v2_1_11_b...
Compiling module axi_protocol_converter_v2_1_11.axi_protocol_converter_v2_1_11_b...
Compiling module axi_protocol_converter_v2_1_11.axi_protocol_converter_v2_1_11_b...
Compiling module axi_protocol_converter_v2_1_11.axi_protocol_converter_v2_1_11_b...
Compiling module axi_protocol_converter_v2_1_11.axi_protocol_converter_v2_1_11_b...
Compiling module axi_protocol_converter_v2_1_11.axi_protocol_converter_v2_1_11_b...
Compiling module axi_protocol_converter_v2_1_11.axi_protocol_converter_v2_1_11_b...
Compiling module axi_protocol_converter_v2_1_11.axi_protocol_converter_v2_1_11_b...
Compiling module axi_protocol_converter_v2_1_11.axi_protocol_converter_v2_1_11_b...
Compiling module axi_protocol_converter_v2_1_11.axi_protocol_converter_v2_1_11_b...
Compiling module axi_protocol_converter_v2_1_11.axi_protocol_converter_v2_1_11_b...
Compiling module axi_protocol_converter_v2_1_11.axi_protocol_converter_v2_1_11_b...
Compiling module axi_protocol_converter_v2_1_11.axi_protocol_converter_v2_1_11_b...
Compiling module axi_infrastructure_v1_1_0.axi_infrastructure_v1_1_0_axi2ve...
Compiling module axi_register_slice_v2_1_11.axi_register_slice_v2_1_11_axic_...
Compiling module axi_register_slice_v2_1_11.axi_register_slice_v2_1_11_axic_...
Compiling module axi_register_slice_v2_1_11.axi_register_slice_v2_1_11_axic_...
Compiling module axi_register_slice_v2_1_11.axi_register_slice_v2_1_11_axic_...
Compiling module axi_infrastructure_v1_1_0.axi_infrastructure_v1_1_0_vector...
Compiling module axi_register_slice_v2_1_11.axi_register_slice_v2_1_11_axi_r...
Compiling module axi_protocol_converter_v2_1_11.axi_protocol_converter_v2_1_11_b...
Compiling module axi_protocol_converter_v2_1_11.axi_protocol_converter_v2_1_11_a...
Compiling module xil_defaultlib.control_sub_auto_pc_0
Compiling module xil_defaultlib.control_sub_s00_data_fifo_0
Compiling module xil_defaultlib.s00_couplers_imp_1S77UJ5
Compiling module axi_mmu_v2_1_9.axi_mmu_v2_1_9_addr_decoder(C_FA...
Compiling module axi_mmu_v2_1_9.axi_mmu_v2_1_9_decerr_slave(C_AX...
Compiling module axi_infrastructure_v1_1_0.axi_infrastructure_v1_1_0_axi2ve...
Compiling module axi_register_slice_v2_1_11.axi_register_slice_v2_1_11_axic_...
Compiling module axi_register_slice_v2_1_11.axi_register_slice_v2_1_11_axic_...
Compiling module axi_register_slice_v2_1_11.axi_register_slice_v2_1_11_axic_...
Compiling module axi_register_slice_v2_1_11.axi_register_slice_v2_1_11_axic_...
Compiling module axi_infrastructure_v1_1_0.axi_infrastructure_v1_1_0_vector...
Compiling module axi_register_slice_v2_1_11.axi_register_slice_v2_1_11_axi_r...
Compiling module axi_mmu_v2_1_9.axi_mmu_v2_1_9_top(C_FAMILY="vir...
Compiling module xil_defaultlib.control_sub_s00_mmu_0
Compiling module axi_crossbar_v2_1_12.axi_crossbar_v2_1_12_addr_arbite...
Compiling module generic_baseblocks_v2_1_0.generic_baseblocks_v2_1_0_carry_...
Compiling module generic_baseblocks_v2_1_0.generic_baseblocks_v2_1_0_compar...
Compiling module generic_baseblocks_v2_1_0.generic_baseblocks_v2_1_0_compar...
Compiling module generic_baseblocks_v2_1_0.generic_baseblocks_v2_1_0_compar...
Compiling module generic_baseblocks_v2_1_0.generic_baseblocks_v2_1_0_compar...
Compiling module generic_baseblocks_v2_1_0.generic_baseblocks_v2_1_0_compar...
Compiling module axi_crossbar_v2_1_12.axi_crossbar_v2_1_12_addr_decode...
Compiling module axi_crossbar_v2_1_12.axi_crossbar_v2_1_12_splitter(C_...
Compiling module axi_crossbar_v2_1_12.axi_crossbar_v2_1_12_splitter
Compiling module generic_baseblocks_v2_1_0.generic_baseblocks_v2_1_0_mux_en...
Compiling module generic_baseblocks_v2_1_0.generic_baseblocks_v2_1_0_mux_en...
Compiling module generic_baseblocks_v2_1_0.generic_baseblocks_v2_1_0_mux_en...
Compiling module axi_register_slice_v2_1_11.axi_register_slice_v2_1_11_axic_...
Compiling module generic_baseblocks_v2_1_0.generic_baseblocks_v2_1_0_mux_en...
Compiling module axi_crossbar_v2_1_12.axi_crossbar_v2_1_12_decerr_slav...
Compiling module axi_crossbar_v2_1_12.axi_crossbar_v2_1_12_crossbar_sa...
Compiling module axi_crossbar_v2_1_12.axi_crossbar_v2_1_12_axi_crossba...
Compiling module xil_defaultlib.control_sub_xbar_0
Compiling module xil_defaultlib.control_sub_axi_interconnect_0_0
Compiling module xil_defaultlib.control_sub
Compiling architecture imp of entity lib_srl_fifo_v1_0_2.cntr_incr_decr_addn_f [\cntr_incr_decr_addn_f(c_size=5)...]
Compiling architecture behavioral of entity lib_srl_fifo_v1_0_2.dynshreg_f [\dynshreg_f(c_depth=16,c_dwidth=...]
Compiling architecture imp of entity lib_srl_fifo_v1_0_2.srl_fifo_rbu_f [\srl_fifo_rbu_f(c_dwidth=64)(1,8...]
Compiling architecture imp of entity lib_srl_fifo_v1_0_2.srl_fifo_f [\srl_fifo_f(c_dwidth=64)(1,8)\]
Compiling architecture behavioral of entity lib_srl_fifo_v1_0_2.dynshreg_f [\dynshreg_f(c_depth=16,c_dwidth=...]
Compiling architecture imp of entity lib_srl_fifo_v1_0_2.srl_fifo_rbu_f [\srl_fifo_rbu_f(c_dwidth=32)(1,8...]
Compiling architecture imp of entity lib_srl_fifo_v1_0_2.srl_fifo_f [\srl_fifo_f(c_dwidth=32)(1,8)\]
Compiling architecture behavioral of entity lib_srl_fifo_v1_0_2.dynshreg_f [\dynshreg_f(c_depth=16,c_dwidth=...]
Compiling architecture imp of entity lib_srl_fifo_v1_0_2.srl_fifo_rbu_f [\srl_fifo_rbu_f(c_dwidth=36)(1,8...]
Compiling architecture imp of entity lib_srl_fifo_v1_0_2.srl_fifo_f [\srl_fifo_f(c_dwidth=36)(1,8)\]
Compiling architecture rtl of entity xil_defaultlib.transactor_fifos [transactor_fifos_default]
Compiling architecture rtl of entity xil_defaultlib.axi_sim_transactor [\axi_sim_transactor(stim_file="/...]
Compiling architecture axi_sim_transactor_ip_arch of entity xil_defaultlib.axi_sim_transactor_ip [axi_sim_transactor_ip_default]
Compiling module xil_defaultlib.barrier
Compiling module xil_defaultlib.barrier_ip
Compiling module xil_defaultlib.top_sim(PL_SIM_FAST_LINK_TRAININ...
Compiling module xil_defaultlib.top_tb
Compiling module xil_defaultlib.glbl
Built simulation snapshot top_tb_behav
