INFO: [VRFC 10-163] Analyzing VHDL file "/root/NetFPGA-SUME-live/projects/MACsec/hw/project/MACsec.srcs/sources_1/ip/axis_sim_stim_ip0/hdl/axis_sim_pkg/axis_sim_pkg.vhd" into library xil_defaultlib
INFO: [VRFC 10-163] Analyzing VHDL file "/root/NetFPGA-SUME-live/projects/MACsec/hw/project/MACsec.srcs/sources_1/ip/axis_sim_stim_ip0/hdl/axis_sim_stim.vhd" into library xil_defaultlib
INFO: [VRFC 10-307] analyzing entity axis_sim_stim
INFO: [VRFC 10-163] Analyzing VHDL file "/root/NetFPGA-SUME-live/projects/MACsec/hw/project/MACsec.srcs/sources_1/ip/axis_sim_stim_ip0/sim/axis_sim_stim_ip0.vhd" into library xil_defaultlib
INFO: [VRFC 10-307] analyzing entity axis_sim_stim_ip0
INFO: [VRFC 10-163] Analyzing VHDL file "/root/NetFPGA-SUME-live/projects/MACsec/hw/project/MACsec.srcs/sources_1/ip/axis_sim_stim_ip1/hdl/axis_sim_pkg/axis_sim_pkg.vhd" into library xil_defaultlib
INFO: [VRFC 10-163] Analyzing VHDL file "/root/NetFPGA-SUME-live/projects/MACsec/hw/project/MACsec.srcs/sources_1/ip/axis_sim_stim_ip1/hdl/axis_sim_stim.vhd" into library xil_defaultlib
INFO: [VRFC 10-307] analyzing entity axis_sim_stim
INFO: [VRFC 10-163] Analyzing VHDL file "/root/NetFPGA-SUME-live/projects/MACsec/hw/project/MACsec.srcs/sources_1/ip/axis_sim_stim_ip1/sim/axis_sim_stim_ip1.vhd" into library xil_defaultlib
INFO: [VRFC 10-307] analyzing entity axis_sim_stim_ip1
INFO: [VRFC 10-163] Analyzing VHDL file "/root/NetFPGA-SUME-live/projects/MACsec/hw/project/MACsec.srcs/sources_1/ip/axis_sim_stim_ip2/hdl/axis_sim_pkg/axis_sim_pkg.vhd" into library xil_defaultlib
INFO: [VRFC 10-163] Analyzing VHDL file "/root/NetFPGA-SUME-live/projects/MACsec/hw/project/MACsec.srcs/sources_1/ip/axis_sim_stim_ip2/hdl/axis_sim_stim.vhd" into library xil_defaultlib
INFO: [VRFC 10-307] analyzing entity axis_sim_stim
INFO: [VRFC 10-163] Analyzing VHDL file "/root/NetFPGA-SUME-live/projects/MACsec/hw/project/MACsec.srcs/sources_1/ip/axis_sim_stim_ip2/sim/axis_sim_stim_ip2.vhd" into library xil_defaultlib
INFO: [VRFC 10-307] analyzing entity axis_sim_stim_ip2
INFO: [VRFC 10-163] Analyzing VHDL file "/root/NetFPGA-SUME-live/projects/MACsec/hw/project/MACsec.srcs/sources_1/ip/axis_sim_stim_ip3/hdl/axis_sim_pkg/axis_sim_pkg.vhd" into library xil_defaultlib
INFO: [VRFC 10-163] Analyzing VHDL file "/root/NetFPGA-SUME-live/projects/MACsec/hw/project/MACsec.srcs/sources_1/ip/axis_sim_stim_ip3/hdl/axis_sim_stim.vhd" into library xil_defaultlib
INFO: [VRFC 10-307] analyzing entity axis_sim_stim
INFO: [VRFC 10-163] Analyzing VHDL file "/root/NetFPGA-SUME-live/projects/MACsec/hw/project/MACsec.srcs/sources_1/ip/axis_sim_stim_ip3/sim/axis_sim_stim_ip3.vhd" into library xil_defaultlib
INFO: [VRFC 10-307] analyzing entity axis_sim_stim_ip3
INFO: [VRFC 10-163] Analyzing VHDL file "/root/NetFPGA-SUME-live/projects/MACsec/hw/project/MACsec.srcs/sources_1/ip/axis_sim_stim_ip4/hdl/axis_sim_pkg/axis_sim_pkg.vhd" into library xil_defaultlib
INFO: [VRFC 10-163] Analyzing VHDL file "/root/NetFPGA-SUME-live/projects/MACsec/hw/project/MACsec.srcs/sources_1/ip/axis_sim_stim_ip4/hdl/axis_sim_stim.vhd" into library xil_defaultlib
INFO: [VRFC 10-307] analyzing entity axis_sim_stim
INFO: [VRFC 10-163] Analyzing VHDL file "/root/NetFPGA-SUME-live/projects/MACsec/hw/project/MACsec.srcs/sources_1/ip/axis_sim_stim_ip4/sim/axis_sim_stim_ip4.vhd" into library xil_defaultlib
INFO: [VRFC 10-307] analyzing entity axis_sim_stim_ip4
INFO: [VRFC 10-163] Analyzing VHDL file "/root/NetFPGA-SUME-live/projects/MACsec/hw/project/MACsec.ip_user_files/ipstatic/lib_pkg_v1_0_2/hdl/lib_pkg_v1_0_rfs.vhd" into library lib_pkg_v1_0_2
INFO: [VRFC 10-163] Analyzing VHDL file "/root/NetFPGA-SUME-live/projects/MACsec/hw/project/MACsec.ip_user_files/ipstatic/lib_srl_fifo_v1_0_2/hdl/lib_srl_fifo_v1_0_rfs.vhd" into library lib_srl_fifo_v1_0_2
INFO: [VRFC 10-307] analyzing entity cntr_incr_decr_addn_f
INFO: [VRFC 10-307] analyzing entity dynshreg_f
INFO: [VRFC 10-307] analyzing entity srl_fifo_rbu_f
INFO: [VRFC 10-307] analyzing entity srl_fifo_f
INFO: [VRFC 10-163] Analyzing VHDL file "/root/NetFPGA-SUME-live/projects/MACsec/hw/project/MACsec.srcs/sources_1/ip/axi_sim_transactor_ip/hdl/axis_sim_pkg/axis_sim_pkg.vhd" into library xil_defaultlib
INFO: [VRFC 10-163] Analyzing VHDL file "/root/NetFPGA-SUME-live/projects/MACsec/hw/project/MACsec.srcs/sources_1/ip/axi_sim_transactor_ip/hdl/transactor_fifos.vhd" into library xil_defaultlib
INFO: [VRFC 10-307] analyzing entity transactor_fifos
INFO: [VRFC 10-163] Analyzing VHDL file "/root/NetFPGA-SUME-live/projects/MACsec/hw/project/MACsec.srcs/sources_1/ip/axi_sim_transactor_ip/hdl/axi_sim_transactor.vhd" into library xil_defaultlib
INFO: [VRFC 10-307] analyzing entity axi_sim_transactor
INFO: [VRFC 10-163] Analyzing VHDL file "/root/NetFPGA-SUME-live/projects/MACsec/hw/project/MACsec.srcs/sources_1/ip/axi_sim_transactor_ip/sim/axi_sim_transactor_ip.vhd" into library xil_defaultlib
INFO: [VRFC 10-307] analyzing entity axi_sim_transactor_ip
